<?xml version="1.0" encoding="UTF-8"?>
<testsuite xmlns:xsi="http://www.w3.org/2001/XMLSchema-instance" xsi:noNamespaceSchemaLocation="https://maven.apache.org/surefire/maven-surefire-plugin/xsd/surefire-test-report.xsd" name="org.gervasi.exam.creator.domain.QuestionTest" time="0.298" tests="1" errors="0" skipped="0" failures="0">
  <properties>
    <property name="java.specification.version" value="17"/>
    <property name="sun.cpu.isalist" value="amd64"/>
    <property name="sun.jnu.encoding" value="Cp1252"/>
    <property name="java.class.path" value="C:\Users\fgerv\vs-code-projects\exam-creator\exam-creator\exam-creator-tests\target\test-classes;C:\Users\fgerv\vs-code-projects\exam-creator\exam-creator\exam-creator-tests\target\classes;C:\Users\fgerv\.m2\repository\junit\junit\4.11\junit-4.11.jar;C:\Users\fgerv\.m2\repository\org\hamcrest\hamcrest-core\1.3\hamcrest-core-1.3.jar;C:\Users\fgerv\vs-code-projects\exam-creator\exam-creator\exam-creator-plugins\target\exam-creator-plugins-1.0-SNAPSHOT.jar;C:\Users\fgerv\vs-code-projects\exam-creator\exam-creator\exam-creator-adapters\target\exam-creator-adapters-1.0-SNAPSHOT.jar;C:\Users\fgerv\vs-code-projects\exam-creator\exam-creator\exam-creator-application\target\exam-creator-application-1.0-SNAPSHOT.jar;C:\Users\fgerv\vs-code-projects\exam-creator\exam-creator\exam-creator-domain\target\exam-creator-domain-1.0-SNAPSHOT.jar;"/>
    <property name="java.vm.vendor" value="Oracle Corporation"/>
    <property name="sun.arch.data.model" value="64"/>
    <property name="user.variant" value=""/>
    <property name="java.vendor.url" value="https://java.oracle.com/"/>
    <property name="user.timezone" value="Europe/Berlin"/>
    <property name="user.country.format" value="DE"/>
    <property name="os.name" value="Windows 11"/>
    <property name="java.vm.specification.version" value="17"/>
    <property name="sun.java.launcher" value="SUN_STANDARD"/>
    <property name="user.country" value="US"/>
    <property name="sun.boot.library.path" value="C:\Program Files\Java\jdk-17.0.5\bin"/>
    <property name="sun.java.command" value="C:\Users\fgerv\AppData\Local\Temp\surefire14826472496221434378\surefirebooter18378262248379500575.jar C:\Users\fgerv\AppData\Local\Temp\surefire14826472496221434378 2023-07-15T13-43-03_268-jvmRun1 surefire16396286879909275443tmp surefire_09399431486614661693tmp"/>
    <property name="jdk.debug" value="release"/>
    <property name="surefire.test.class.path" value="C:\Users\fgerv\vs-code-projects\exam-creator\exam-creator\exam-creator-tests\target\test-classes;C:\Users\fgerv\vs-code-projects\exam-creator\exam-creator\exam-creator-tests\target\classes;C:\Users\fgerv\.m2\repository\junit\junit\4.11\junit-4.11.jar;C:\Users\fgerv\.m2\repository\org\hamcrest\hamcrest-core\1.3\hamcrest-core-1.3.jar;C:\Users\fgerv\vs-code-projects\exam-creator\exam-creator\exam-creator-plugins\target\exam-creator-plugins-1.0-SNAPSHOT.jar;C:\Users\fgerv\vs-code-projects\exam-creator\exam-creator\exam-creator-adapters\target\exam-creator-adapters-1.0-SNAPSHOT.jar;C:\Users\fgerv\vs-code-projects\exam-creator\exam-creator\exam-creator-application\target\exam-creator-application-1.0-SNAPSHOT.jar;C:\Users\fgerv\vs-code-projects\exam-creator\exam-creator\exam-creator-domain\target\exam-creator-domain-1.0-SNAPSHOT.jar;"/>
    <property name="sun.cpu.endian" value="little"/>
    <property name="user.home" value="C:\Users\fgerv"/>
    <property name="user.language" value="en"/>
    <property name="java.specification.vendor" value="Oracle Corporation"/>
    <property name="java.version.date" value="2022-10-18"/>
    <property name="java.home" value="C:\Program Files\Java\jdk-17.0.5"/>
    <property name="file.separator" value="\"/>
    <property name="basedir" value="C:\Users\fgerv\vs-code-projects\exam-creator\exam-creator\exam-creator-tests"/>
    <property name="java.vm.compressedOopsMode" value="32-bit"/>
    <property name="line.separator" value="&#10;"/>
    <property name="java.vm.specification.vendor" value="Oracle Corporation"/>
    <property name="java.specification.name" value="Java Platform API Specification"/>
    <property name="surefire.real.class.path" value="C:\Users\fgerv\AppData\Local\Temp\surefire14826472496221434378\surefirebooter18378262248379500575.jar"/>
    <property name="user.script" value=""/>
    <property name="sun.management.compiler" value="HotSpot 64-Bit Tiered Compilers"/>
    <property name="java.runtime.version" value="17.0.5+9-LTS-191"/>
    <property name="user.name" value="fgerv"/>
    <property name="path.separator" value=";"/>
    <property name="os.version" value="10.0"/>
    <property name="java.runtime.name" value="Java(TM) SE Runtime Environment"/>
    <property name="file.encoding" value="Cp1252"/>
    <property name="java.vm.name" value="Java HotSpot(TM) 64-Bit Server VM"/>
    <property name="localRepository" value="C:\Users\fgerv\.m2\repository"/>
    <property name="java.vendor.url.bug" value="https://bugreport.java.com/bugreport/"/>
    <property name="java.io.tmpdir" value="C:\Users\fgerv\AppData\Local\Temp\"/>
    <property name="java.version" value="17.0.5"/>
    <property name="user.dir" value="C:\Users\fgerv\vs-code-projects\exam-creator\exam-creator\exam-creator-tests"/>
    <property name="os.arch" value="amd64"/>
    <property name="java.vm.specification.name" value="Java Virtual Machine Specification"/>
    <property name="user.language.format" value="de"/>
    <property name="sun.os.patch.level" value=""/>
    <property name="native.encoding" value="Cp1252"/>
    <property name="java.library.path" value="C:\Program Files\Java\jdk-17.0.5\bin;C:\WINDOWS\Sun\Java\bin;C:\WINDOWS\system32;C:\WINDOWS;C:\Users\fgerv\AppData\Local\ActiveState\StateTool\release;C:\Python39\Scripts\;C:\Python39\;C:\WINDOWS\system32;C:\WINDOWS;C:\WINDOWS\System32\Wbem;C:\WINDOWS\System32\WindowsPowerShell\v1.0\;C:\WINDOWS\System32\OpenSSH\;C:\Program Files\nodejs\;C:\ProgramData\chocolatey\bin;C:\Program Files\mingw-w64\x86_64-8.1.0-posix-seh-rt_v6-rev0\mingw64\bin;C:\Dev\Maven\apache-maven-3.6.3-bin\apache-maven-3.6.3\bin;C:\Dev\Tomcat\apache-tomcat-7.0.108\bin;C:\Program Files\Git\cmd;C:\Program Files\swipl\bin;C:\Program Files\Java\jdk-14.0.1\bin;C:\WINDOWS\Microsoft.NET\Framework\v4.0.30319;C:\Strawberry\c\bin;C:\Strawberry\perl\site\bin;C:\Strawberry\perl\bin;C:\Users\fgerv\OneDrive\Documents\Studium 2021\Semester 3\Formale Sprachen\jflex-1.8.2.tar\jflex-1.8.2\lib;;C:\ProgramData\chocolatey\lib\Elixir/bin;C:\Program Files\dotnet\;C:\WINDOWS\system32;C:\WINDOWS;C:\WINDOWS\System32\Wbem;C:\WINDOWS\System32\WindowsPowerShell\v1.0\;C:\WINDOWS\System32\OpenSSH\;C:\Program Files\PuTTY\;C:\Program Files (x86)\Bitvise SSH Client;C:\Program Files\Docker\Docker\resources\bin;C:\Users\fgerv\AppData\Local\ActiveState\StateTool\release\bin;C:\Users\fgerv\AppData\Local\activestate\cache\bin;C:\Users\fgerv\AppData\Local\Programs\Python\Python310\Scripts\;C:\Users\fgerv\AppData\Local\Programs\Python\Python310\;C:\Program Files\MySQL\MySQL Shell 8.0\bin\;C:\Users\fgerv\AppData\Roaming\local\bin;C:\Users\fgerv\AppData\Local\Microsoft\WindowsApps;C:\Program Files\JetBrains\IntelliJ IDEA Community Edition 2020.1.2\bin;C:\Users\fgerv\AppData\Roaming\npm;C:\Users\fgerv\AppData\Local\Programs\Microsoft VS Code\bin;C:\Dev\Maven\apache-maven-3.6.3-bin\apache-maven-3.6.3\bin;C:\Users\fgerv\AppData\Local\Programs\MiKTeX\miktex\bin\x64\;C:\Users\fgerv\AppData\Roaming\cabal\bin;C:\tools\ghc-9.0.1\bin;C:\tools\msys64;C:\Users\fgerv\.dotnet\tools;C:\Dev\prometheus-2.30.0.windows-amd64;C:\Program Files\JetBrains\PyCharm 2021.2.2\bin;C:\Program Files (x86)\GitHub CLI\;C:\Program Files\heroku\bin;C:\Program Files\MySQL\MySQL Server 8.0\bin;C:\Program Files\Wireshark;C:\Users\fgerv\AppData\Local\JetBrains\Toolbox\scripts;C:\tools\dart-sdk\bin;C:\Users\fgerv\AppData\Roaming\Pub\Cache\bin;C:\Users\fgerv\AppData\Local\Microsoft\WindowsApps;C:\Users\fgerv\OneDrive\Documents\Studium_2022_2023\BA\activemq\apache-artemis-2.27.1-bin\apache-artemis-2.27.1\bin;C:\Program Files\OpenSSL-Win64\bin;;."/>
    <property name="java.vm.info" value="mixed mode, sharing"/>
    <property name="java.vendor" value="Oracle Corporation"/>
    <property name="java.vm.version" value="17.0.5+9-LTS-191"/>
    <property name="sun.io.unicode.encoding" value="UnicodeLittle"/>
    <property name="java.class.version" value="61.0"/>
  </properties>
  <testcase name="testMissingQuestionTypeThrowsException" classname="org.gervasi.exam.creator.domain.QuestionTest" time="0.181"/>
</testsuite>